                    10/09/2009 9:41:36 AM
Exec sp_InsertCustomer 'DS', N'sd', N'', '', '', '', '0'
--------------------------------------------------------------------------
                    10/09/2009 9:47:55 AM
Exec sp_InsertUser 'hj', 'HyjknzTiQG/bbWFY7r15Ow==', '1', N'j', N'', '', '', False
--------------------------------------------------------------------------
                    18/09/2009 9:14:24 AM
Exec sp_Update2ndScaleData '98', '', '', '09/18/2009 09:14', '1', 3504, 19898, 0, 19898, 0, 0, 0, N'', 0, 0, 0, 'admin', '09/18/2009 09:14:12'
--------------------------------------------------------------------------
                    18/09/2009 3:42:33 PM
set dateformat dmy select * from func_RptWeightingSheetDetail('18/09/2009', '18/09/2009') [Disabled] = 0 Order by Cast(DayIn As datetime), VoucherNo
--------------------------------------------------------------------------
                    03/02/2010 12:35:27 PM
Exec sp_InsertScaleData '', '', 'A', '', '02/03/2010 12:35:21', NULL, '1', 'AC', 'AJ', 5405, 0, 0, 0, 0, 0, 0, 0, '', 0, 0, 0, 'admin', '02/03/2010 12:35:24', NULL, NULL, NULL, NULL, NULL, '0'
--------------------------------------------------------------------------
                    01/03/2010 12:35:44 PM
Exec sp_GetUserByUserName 'admin'
--------------------------------------------------------------------------
                    01/03/2010 12:37:04 PM
Exec sp_GetUserByUserName 'admin'
--------------------------------------------------------------------------
                    01/03/2010 12:45:24 PM
Exec sp_GetUserByUserName 'admin'
--------------------------------------------------------------------------
                    01/03/2010 12:50:46 PM
Exec sp_GetUserByUserName 'admin'
--------------------------------------------------------------------------
                    01/03/2010 12:51:00 PM
Exec sp_GetUserByUserName 'admin'
--------------------------------------------------------------------------
